%!Adobe-FontList 1.14
%Locale:0x804

%BeginFont
Handler:DirectoryHandler
FontType:Invalid
OutlineFileName:C:\Users\Administrator\Desktop\年卡管理系统\Font\iconfont.eot
FileModTime:1488299730
%EndFont

%BeginFont
Handler:DirectoryHandler
FontType:Invalid
OutlineFileName:C:\Users\Administrator\Desktop\年卡管理系统\Font\iconfont.svg
FileModTime:1488299731
%EndFont

%BeginFont
Handler:DirectoryHandler
FontType:TrueType
FontName:layui-icon
FamilyName:layui-icon
StyleName:icon
FullName:layui-icon
MenuName:layui-icon
StyleBits:0
WritingScript:Roman
OutlineFileName:C:\Users\Administrator\Desktop\年卡管理系统\Font\iconfont.ttf
DataFormat:sfntData
FileLength:52788
FileModTime:1488299732
WeightClass:500
WidthClass:5
AngleClass:0
%EndFont

%BeginFont
Handler:DirectoryHandler
FontType:Invalid
OutlineFileName:C:\Users\Administrator\Desktop\年卡管理系统\Font\iconfont.woff
FileModTime:1488299735
%EndFont

